<?xml version="1.0" encoding="UTF-8"?>
<testng-results ignored="0" total="2" passed="2" failed="0" skipped="0">
  <reporter-output>
  </reporter-output>
  <suite started-at="2022-03-25T17:37:08Z" name="Default suite" finished-at="2022-03-25T17:37:32Z" duration-ms="24410">
    <groups>
    </groups>
    <test started-at="2022-03-25T17:37:08Z" name="Default test" finished-at="2022-03-25T17:37:32Z" duration-ms="24410">
      <class name="com.ad.task.maven_archetype_lagom_java.Search">
        <test-method is-config="true" signature="setUp()[pri:0, instance:com.ad.task.maven_archetype_lagom_java.Search@131ef10]" started-at="2022-03-25T17:37:08Z" name="setUp" finished-at="2022-03-25T17:37:13Z" duration-ms="5454" status="PASS">
          <reporter-output>
          </reporter-output>
        </test-method> <!-- setUp -->
        <test-method signature="randomLinksCheck()[pri:0, instance:com.ad.task.maven_archetype_lagom_java.Search@131ef10]" started-at="2022-03-25T17:37:13Z" name="randomLinksCheck" finished-at="2022-03-25T17:37:22Z" duration-ms="8335" status="PASS">
          <reporter-output>
          </reporter-output>
        </test-method> <!-- randomLinksCheck -->
        <test-method is-config="true" signature="setDown()[pri:0, instance:com.ad.task.maven_archetype_lagom_java.Search@131ef10]" started-at="2022-03-25T17:37:22Z" name="setDown" finished-at="2022-03-25T17:37:23Z" duration-ms="769" status="PASS">
          <reporter-output>
          </reporter-output>
        </test-method> <!-- setDown -->
        <test-method is-config="true" signature="setUp()[pri:0, instance:com.ad.task.maven_archetype_lagom_java.Search@131ef10]" started-at="2022-03-25T17:37:23Z" name="setUp" finished-at="2022-03-25T17:37:27Z" duration-ms="4814" status="PASS">
          <reporter-output>
          </reporter-output>
        </test-method> <!-- setUp -->
        <test-method signature="searchByKeyWord()[pri:0, instance:com.ad.task.maven_archetype_lagom_java.Search@131ef10]" started-at="2022-03-25T17:37:27Z" name="searchByKeyWord" finished-at="2022-03-25T17:37:32Z" duration-ms="4206" status="PASS">
          <reporter-output>
          </reporter-output>
        </test-method> <!-- searchByKeyWord -->
        <test-method is-config="true" signature="setDown()[pri:0, instance:com.ad.task.maven_archetype_lagom_java.Search@131ef10]" started-at="2022-03-25T17:37:32Z" name="setDown" finished-at="2022-03-25T17:37:32Z" duration-ms="808" status="PASS">
          <reporter-output>
          </reporter-output>
        </test-method> <!-- setDown -->
      </class> <!-- com.ad.task.maven_archetype_lagom_java.Search -->
    </test> <!-- Default test -->
  </suite> <!-- Default suite -->
</testng-results>
