<?xml version="1.0" encoding="UTF-8"?>
<!-- Generated by org.testng.reporters.JUnitXMLReporter -->
<testsuite ignored="0" hostname="Yousef" failures="0" tests="2" name="Default test" time="24.41" errors="0" timestamp="25 Mar 2022 17:37:32 GMT">
  <testcase classname="com.ad.task.maven_archetype_lagom_java.Search" name="randomLinksCheck" time="8.335"/>
  <testcase classname="com.ad.task.maven_archetype_lagom_java.Search" name="searchByKeyWord" time="4.206"/>
</testsuite> <!-- Default test -->
